[18:14:04] [Client thread/INFO]: Setting user: Player3
[18:14:10] [Client thread/INFO]: LWJGL Version: 2.9.4
[18:14:10] [Client thread/INFO]: Reloading ResourceManager: Default
[18:14:12] [Client thread/WARN]: Missing sound for event: minecraft:ambient.cave
[18:14:12] [Client thread/WARN]: Missing sound for event: minecraft:block.anvil.break
[18:14:12] [Client thread/WARN]: Missing sound for event: minecraft:block.anvil.destroy
[18:14:12] [Client thread/WARN]: Missing sound for event: minecraft:block.anvil.fall
[18:14:12] [Client thread/WARN]: Missing sound for event: minecraft:block.anvil.hit
[18:14:12] [Client thread/WARN]: Missing sound for event: minecraft:block.anvil.land
[18:14:12] [Client thread/WARN]: Missing sound for event: minecraft:block.anvil.place
[18:14:12] [Client thread/WARN]: Missing sound for event: minecraft:block.anvil.step
[18:14:12] [Client thread/WARN]: Missing sound for event: minecraft:block.anvil.use
[18:14:12] [Client thread/WARN]: Missing sound for event: minecraft:block.brewing_stand.brew
[18:14:12] [Client thread/WARN]: Missing sound for event: minecraft:block.chest.close
[18:14:12] [Client thread/WARN]: Missing sound for event: minecraft:block.chest.locked
[18:14:12] [Client thread/WARN]: Missing sound for event: minecraft:block.chest.open
[18:14:12] [Client thread/WARN]: Missing sound for event: minecraft:block.chorus_flower.death
[18:14:12] [Client thread/WARN]: Missing sound for event: minecraft:block.chorus_flower.grow
[18:14:12] [Client thread/WARN]: Missing sound for event: minecraft:block.cloth.break
[18:14:12] [Client thread/WARN]: Missing sound for event: minecraft:block.cloth.fall
[18:14:12] [Client thread/WARN]: Missing sound for event: minecraft:block.cloth.hit
[18:14:12] [Client thread/WARN]: Missing sound for event: minecraft:block.cloth.place
[18:14:12] [Client thread/WARN]: Missing sound for event: minecraft:block.cloth.step
[18:14:12] [Client thread/WARN]: Missing sound for event: minecraft:block.comparator.click
[18:14:12] [Client thread/WARN]: Missing sound for event: minecraft:block.dispenser.dispense
[18:14:12] [Client thread/WARN]: Missing sound for event: minecraft:block.dispenser.fail
[18:14:12] [Client thread/WARN]: Missing sound for event: minecraft:block.dispenser.launch
[18:14:12] [Client thread/WARN]: Missing sound for event: minecraft:block.enchantment_table.use
[18:14:12] [Client thread/WARN]: Missing sound for event: minecraft:block.end_gateway.spawn
[18:14:12] [Client thread/WARN]: Missing sound for event: minecraft:block.enderchest.close
[18:14:12] [Client thread/WARN]: Missing sound for event: minecraft:block.enderchest.open
[18:14:12] [Client thread/WARN]: Missing sound for event: minecraft:block.fence_gate.close
[18:14:12] [Client thread/WARN]: Missing sound for event: minecraft:block.fence_gate.open
[18:14:12] [Client thread/WARN]: Missing sound for event: minecraft:block.fire.ambient
[18:14:12] [Client thread/WARN]: Missing sound for event: minecraft:block.fire.extinguish
[18:14:12] [Client thread/WARN]: Missing sound for event: minecraft:block.furnace.fire_crackle
[18:14:12] [Client thread/WARN]: Missing sound for event: minecraft:block.glass.break
[18:14:12] [Client thread/WARN]: Missing sound for event: minecraft:block.glass.fall
[18:14:12] [Client thread/WARN]: Missing sound for event: minecraft:block.glass.hit
[18:14:12] [Client thread/WARN]: Missing sound for event: minecraft:block.glass.place
[18:14:12] [Client thread/WARN]: Missing sound for event: minecraft:block.glass.step
[18:14:12] [Client thread/WARN]: Missing sound for event: minecraft:block.grass.break
[18:14:12] [Client thread/WARN]: Missing sound for event: minecraft:block.grass.fall
[18:14:12] [Client thread/WARN]: Missing sound for event: minecraft:block.grass.hit
[18:14:12] [Client thread/WARN]: Missing sound for event: minecraft:block.grass.place
[18:14:12] [Client thread/WARN]: Missing sound for event: minecraft:block.grass.step
[18:14:12] [Client thread/WARN]: Missing sound for event: minecraft:block.gravel.break
[18:14:12] [Client thread/WARN]: Missing sound for event: minecraft:block.gravel.fall
[18:14:12] [Client thread/WARN]: Missing sound for event: minecraft:block.gravel.hit
[18:14:12] [Client thread/WARN]: Missing sound for event: minecraft:block.gravel.place
[18:14:12] [Client thread/WARN]: Missing sound for event: minecraft:block.gravel.step
[18:14:12] [Client thread/WARN]: Missing sound for event: minecraft:block.iron_door.close
[18:14:12] [Client thread/WARN]: Missing sound for event: minecraft:block.iron_door.open
[18:14:12] [Client thread/WARN]: Missing sound for event: minecraft:block.iron_trapdoor.close
[18:14:12] [Client thread/WARN]: Missing sound for event: minecraft:block.iron_trapdoor.open
[18:14:12] [Client thread/WARN]: Missing sound for event: minecraft:block.ladder.break
[18:14:12] [Client thread/WARN]: Missing sound for event: minecraft:block.ladder.fall
[18:14:12] [Client thread/WARN]: Missing sound for event: minecraft:block.ladder.hit
[18:14:12] [Client thread/WARN]: Missing sound for event: minecraft:block.ladder.place
[18:14:12] [Client thread/WARN]: Missing sound for event: minecraft:block.ladder.step
[18:14:12] [Client thread/WARN]: Missing sound for event: minecraft:block.lava.ambient
[18:14:12] [Client thread/WARN]: Missing sound for event: minecraft:block.lava.extinguish
[18:14:12] [Client thread/WARN]: Missing sound for event: minecraft:block.lava.pop
[18:14:12] [Client thread/WARN]: Missing sound for event: minecraft:block.lever.click
[18:14:12] [Client thread/WARN]: Missing sound for event: minecraft:block.metal.break
[18:14:12] [Client thread/WARN]: Missing sound for event: minecraft:block.metal.fall
[18:14:12] [Client thread/WARN]: Missing sound for event: minecraft:block.metal.hit
[18:14:12] [Client thread/WARN]: Missing sound for event: minecraft:block.metal.place
[18:14:12] [Client thread/WARN]: Missing sound for event: minecraft:block.metal.step
[18:14:12] [Client thread/WARN]: Missing sound for event: minecraft:block.metal_pressureplate.click_off
[18:14:12] [Client thread/WARN]: Missing sound for event: minecraft:block.metal_pressureplate.click_on
[18:14:12] [Client thread/WARN]: Missing sound for event: minecraft:block.note.basedrum
[18:14:12] [Client thread/WARN]: Missing sound for event: minecraft:block.note.bass
[18:14:12] [Client thread/WARN]: Missing sound for event: minecraft:block.note.harp
[18:14:12] [Client thread/WARN]: Missing sound for event: minecraft:block.note.hat
[18:14:12] [Client thread/WARN]: Missing sound for event: minecraft:block.note.pling
[18:14:12] [Client thread/WARN]: Missing sound for event: minecraft:block.note.snare
[18:14:12] [Client thread/WARN]: Missing sound for event: minecraft:block.piston.contract
[18:14:12] [Client thread/WARN]: Missing sound for event: minecraft:block.piston.extend
[18:14:12] [Client thread/WARN]: Missing sound for event: minecraft:block.portal.ambient
[18:14:12] [Client thread/WARN]: Missing sound for event: minecraft:block.portal.travel
[18:14:12] [Client thread/WARN]: Missing sound for event: minecraft:block.portal.trigger
[18:14:12] [Client thread/WARN]: Missing sound for event: minecraft:block.redstone_torch.burnout
[18:14:12] [Client thread/WARN]: Missing sound for event: minecraft:block.sand.break
[18:14:12] [Client thread/WARN]: Missing sound for event: minecraft:block.sand.fall
[18:14:12] [Client thread/WARN]: Missing sound for event: minecraft:block.sand.hit
[18:14:12] [Client thread/WARN]: Missing sound for event: minecraft:block.sand.place
[18:14:12] [Client thread/WARN]: Missing sound for event: minecraft:block.sand.step
[18:14:12] [Client thread/WARN]: Missing sound for event: minecraft:block.slime.break
[18:14:12] [Client thread/WARN]: Missing sound for event: minecraft:block.slime.fall
[18:14:12] [Client thread/WARN]: Missing sound for event: minecraft:block.slime.hit
[18:14:12] [Client thread/WARN]: Missing sound for event: minecraft:block.slime.place
[18:14:12] [Client thread/WARN]: Missing sound for event: minecraft:block.slime.step
[18:14:12] [Client thread/WARN]: Missing sound for event: minecraft:block.snow.break
[18:14:12] [Client thread/WARN]: Missing sound for event: minecraft:block.snow.fall
[18:14:12] [Client thread/WARN]: Missing sound for event: minecraft:block.snow.hit
[18:14:12] [Client thread/WARN]: Missing sound for event: minecraft:block.snow.place
[18:14:12] [Client thread/WARN]: Missing sound for event: minecraft:block.snow.step
[18:14:12] [Client thread/WARN]: Missing sound for event: minecraft:block.stone.break
[18:14:12] [Client thread/WARN]: Missing sound for event: minecraft:block.stone.fall
[18:14:12] [Client thread/WARN]: Missing sound for event: minecraft:block.stone.hit
[18:14:12] [Client thread/WARN]: Missing sound for event: minecraft:block.stone.place
[18:14:12] [Client thread/WARN]: Missing sound for event: minecraft:block.stone.step
[18:14:12] [Client thread/WARN]: Missing sound for event: minecraft:block.stone_button.click_off
[18:14:12] [Client thread/WARN]: Missing sound for event: minecraft:block.stone_button.click_on
[18:14:12] [Client thread/WARN]: Missing sound for event: minecraft:block.stone_pressureplate.click_off
[18:14:12] [Client thread/WARN]: Missing sound for event: minecraft:block.stone_pressureplate.click_on
[18:14:12] [Client thread/WARN]: Missing sound for event: minecraft:block.tripwire.attach
[18:14:12] [Client thread/WARN]: Missing sound for event: minecraft:block.tripwire.click_off
[18:14:12] [Client thread/WARN]: Missing sound for event: minecraft:block.tripwire.click_on
[18:14:12] [Client thread/WARN]: Missing sound for event: minecraft:block.tripwire.detach
[18:14:12] [Client thread/WARN]: Missing sound for event: minecraft:block.water.ambient
[18:14:12] [Client thread/WARN]: Missing sound for event: minecraft:block.waterlily.place
[18:14:12] [Client thread/WARN]: Missing sound for event: minecraft:block.wood.break
[18:14:12] [Client thread/WARN]: Missing sound for event: minecraft:block.wood.fall
[18:14:12] [Client thread/WARN]: Missing sound for event: minecraft:block.wood.hit
[18:14:12] [Client thread/WARN]: Missing sound for event: minecraft:block.wood.place
[18:14:12] [Client thread/WARN]: Missing sound for event: minecraft:block.wood.step
[18:14:12] [Client thread/WARN]: Missing sound for event: minecraft:block.wood_button.click_off
[18:14:12] [Client thread/WARN]: Missing sound for event: minecraft:block.wood_button.click_on
[18:14:12] [Client thread/WARN]: Missing sound for event: minecraft:block.wood_pressureplate.click_off
[18:14:12] [Client thread/WARN]: Missing sound for event: minecraft:block.wood_pressureplate.click_on
[18:14:12] [Client thread/WARN]: Missing sound for event: minecraft:block.wooden_door.close
[18:14:12] [Client thread/WARN]: Missing sound for event: minecraft:block.wooden_door.open
[18:14:12] [Client thread/WARN]: Missing sound for event: minecraft:block.wooden_trapdoor.close
[18:14:12] [Client thread/WARN]: Missing sound for event: minecraft:block.wooden_trapdoor.open
[18:14:12] [Client thread/WARN]: Missing sound for event: minecraft:enchant.thorns.hit
[18:14:12] [Client thread/WARN]: Missing sound for event: minecraft:entity.armorstand.break
[18:14:12] [Client thread/WARN]: Missing sound for event: minecraft:entity.armorstand.fall
[18:14:12] [Client thread/WARN]: Missing sound for event: minecraft:entity.armorstand.hit
[18:14:12] [Client thread/WARN]: Missing sound for event: minecraft:entity.armorstand.place
[18:14:12] [Client thread/WARN]: Missing sound for event: minecraft:entity.arrow.hit
[18:14:12] [Client thread/WARN]: Missing sound for event: minecraft:entity.arrow.hit_player
[18:14:12] [Client thread/WARN]: Missing sound for event: minecraft:entity.arrow.shoot
[18:14:12] [Client thread/WARN]: Missing sound for event: minecraft:entity.bat.ambient
[18:14:12] [Client thread/WARN]: Missing sound for event: minecraft:entity.bat.death
[18:14:12] [Client thread/WARN]: Missing sound for event: minecraft:entity.bat.hurt
[18:14:12] [Client thread/WARN]: Missing sound for event: minecraft:entity.bat.loop
[18:14:12] [Client thread/WARN]: Missing sound for event: minecraft:entity.bat.takeoff
[18:14:12] [Client thread/WARN]: Missing sound for event: minecraft:entity.blaze.ambient
[18:14:12] [Client thread/WARN]: Missing sound for event: minecraft:entity.blaze.burn
[18:14:12] [Client thread/WARN]: Missing sound for event: minecraft:entity.blaze.death
[18:14:12] [Client thread/WARN]: Missing sound for event: minecraft:entity.blaze.hurt
[18:14:12] [Client thread/WARN]: Missing sound for event: minecraft:entity.blaze.shoot
[18:14:12] [Client thread/WARN]: Missing sound for event: minecraft:entity.bobber.splash
[18:14:12] [Client thread/WARN]: Missing sound for event: minecraft:entity.bobber.throw
[18:14:12] [Client thread/WARN]: Missing sound for event: minecraft:entity.cat.ambient
[18:14:12] [Client thread/WARN]: Missing sound for event: minecraft:entity.cat.death
[18:14:12] [Client thread/WARN]: Missing sound for event: minecraft:entity.cat.hiss
[18:14:12] [Client thread/WARN]: Missing sound for event: minecraft:entity.cat.hurt
[18:14:12] [Client thread/WARN]: Missing sound for event: minecraft:entity.cat.purr
[18:14:12] [Client thread/WARN]: Missing sound for event: minecraft:entity.cat.purreow
[18:14:12] [Client thread/WARN]: Missing sound for event: minecraft:entity.chicken.ambient
[18:14:12] [Client thread/WARN]: Missing sound for event: minecraft:entity.chicken.death
[18:14:12] [Client thread/WARN]: Missing sound for event: minecraft:entity.chicken.egg
[18:14:12] [Client thread/WARN]: Missing sound for event: minecraft:entity.chicken.hurt
[18:14:12] [Client thread/WARN]: Missing sound for event: minecraft:entity.chicken.step
[18:14:12] [Client thread/WARN]: Missing sound for event: minecraft:entity.cow.ambient
[18:14:12] [Client thread/WARN]: Missing sound for event: minecraft:entity.cow.death
[18:14:12] [Client thread/WARN]: Missing sound for event: minecraft:entity.cow.hurt
[18:14:12] [Client thread/WARN]: Missing sound for event: minecraft:entity.cow.milk
[18:14:12] [Client thread/WARN]: Missing sound for event: minecraft:entity.cow.step
[18:14:12] [Client thread/WARN]: Missing sound for event: minecraft:entity.creeper.death
[18:14:12] [Client thread/WARN]: Missing sound for event: minecraft:entity.creeper.hurt
[18:14:12] [Client thread/WARN]: Missing sound for event: minecraft:entity.creeper.primed
[18:14:12] [Client thread/WARN]: Missing sound for event: minecraft:entity.donkey.ambient
[18:14:12] [Client thread/WARN]: Missing sound for event: minecraft:entity.donkey.angry
[18:14:12] [Client thread/WARN]: Missing sound for event: minecraft:entity.donkey.chest
[18:14:12] [Client thread/WARN]: Missing sound for event: minecraft:entity.donkey.death
[18:14:12] [Client thread/WARN]: Missing sound for event: minecraft:entity.donkey.hurt
[18:14:12] [Client thread/WARN]: Missing sound for event: minecraft:entity.egg.throw
[18:14:12] [Client thread/WARN]: Missing sound for event: minecraft:entity.elder_guardian.ambient
[18:14:12] [Client thread/WARN]: Missing sound for event: minecraft:entity.elder_guardian.ambient_land
[18:14:12] [Client thread/WARN]: Missing sound for event: minecraft:entity.elder_guardian.curse
[18:14:12] [Client thread/WARN]: Missing sound for event: minecraft:entity.elder_guardian.death
[18:14:12] [Client thread/WARN]: Missing sound for event: minecraft:entity.elder_guardian.death_land
[18:14:12] [Client thread/WARN]: Missing sound for event: minecraft:entity.elder_guardian.hurt
[18:14:12] [Client thread/WARN]: Missing sound for event: minecraft:entity.elder_guardian.hurt_land
[18:14:12] [Client thread/WARN]: Missing sound for event: minecraft:entity.enderdragon.ambient
[18:14:12] [Client thread/WARN]: Missing sound for event: minecraft:entity.enderdragon.death
[18:14:12] [Client thread/WARN]: Missing sound for event: minecraft:entity.enderdragon.flap
[18:14:12] [Client thread/WARN]: Missing sound for event: minecraft:entity.enderdragon.growl
[18:14:12] [Client thread/WARN]: Missing sound for event: minecraft:entity.enderdragon.hurt
[18:14:12] [Client thread/WARN]: Missing sound for event: minecraft:entity.enderdragon.shoot
[18:14:12] [Client thread/WARN]: Missing sound for event: minecraft:entity.enderdragon_fireball.explode
[18:14:12] [Client thread/WARN]: Missing sound for event: minecraft:entity.endereye.launch
[18:14:12] [Client thread/WARN]: Missing sound for event: minecraft:entity.endermen.ambient
[18:14:12] [Client thread/WARN]: Missing sound for event: minecraft:entity.endermen.death
[18:14:12] [Client thread/WARN]: Missing sound for event: minecraft:entity.endermen.hurt
[18:14:12] [Client thread/WARN]: Missing sound for event: minecraft:entity.endermen.scream
[18:14:12] [Client thread/WARN]: Missing sound for event: minecraft:entity.endermen.stare
[18:14:12] [Client thread/WARN]: Missing sound for event: minecraft:entity.endermen.teleport
[18:14:12] [Client thread/WARN]: Missing sound for event: minecraft:entity.endermite.ambient
[18:14:12] [Client thread/WARN]: Missing sound for event: minecraft:entity.endermite.death
[18:14:12] [Client thread/WARN]: Missing sound for event: minecraft:entity.endermite.hurt
[18:14:12] [Client thread/WARN]: Missing sound for event: minecraft:entity.endermite.step
[18:14:12] [Client thread/WARN]: Missing sound for event: minecraft:entity.enderpearl.throw
[18:14:12] [Client thread/WARN]: Missing sound for event: minecraft:entity.experience_bottle.throw
[18:14:12] [Client thread/WARN]: Missing sound for event: minecraft:entity.experience_orb.pickup
[18:14:12] [Client thread/WARN]: Missing sound for event: minecraft:entity.experience_orb.touch
[18:14:12] [Client thread/WARN]: Missing sound for event: minecraft:entity.firework.blast
[18:14:12] [Client thread/WARN]: Missing sound for event: minecraft:entity.firework.blast_far
[18:14:12] [Client thread/WARN]: Missing sound for event: minecraft:entity.firework.large_blast
[18:14:12] [Client thread/WARN]: Missing sound for event: minecraft:entity.firework.large_blast_far
[18:14:12] [Client thread/WARN]: Missing sound for event: minecraft:entity.firework.launch
[18:14:12] [Client thread/WARN]: Missing sound for event: minecraft:entity.firework.shoot
[18:14:12] [Client thread/WARN]: Missing sound for event: minecraft:entity.firework.twinkle
[18:14:12] [Client thread/WARN]: Missing sound for event: minecraft:entity.firework.twinkle_far
[18:14:12] [Client thread/WARN]: Missing sound for event: minecraft:entity.generic.big_fall
[18:14:12] [Client thread/WARN]: Missing sound for event: minecraft:entity.generic.burn
[18:14:12] [Client thread/WARN]: Missing sound for event: minecraft:entity.generic.death
[18:14:12] [Client thread/WARN]: Missing sound for event: minecraft:entity.generic.drink
[18:14:12] [Client thread/WARN]: Missing sound for event: minecraft:entity.generic.eat
[18:14:12] [Client thread/WARN]: Missing sound for event: minecraft:entity.generic.explode
[18:14:12] [Client thread/WARN]: Missing sound for event: minecraft:entity.generic.extinguish_fire
[18:14:12] [Client thread/WARN]: Missing sound for event: minecraft:entity.generic.hurt
[18:14:12] [Client thread/WARN]: Missing sound for event: minecraft:entity.generic.small_fall
[18:14:12] [Client thread/WARN]: Missing sound for event: minecraft:entity.generic.splash
[18:14:12] [Client thread/WARN]: Missing sound for event: minecraft:entity.generic.swim
[18:14:12] [Client thread/WARN]: Missing sound for event: minecraft:entity.ghast.ambient
[18:14:12] [Client thread/WARN]: Missing sound for event: minecraft:entity.ghast.death
[18:14:12] [Client thread/WARN]: Missing sound for event: minecraft:entity.ghast.hurt
[18:14:12] [Client thread/WARN]: Missing sound for event: minecraft:entity.ghast.scream
[18:14:12] [Client thread/WARN]: Missing sound for event: minecraft:entity.ghast.shoot
[18:14:12] [Client thread/WARN]: Missing sound for event: minecraft:entity.ghast.warn
[18:14:12] [Client thread/WARN]: Missing sound for event: minecraft:entity.guardian.ambient
[18:14:12] [Client thread/WARN]: Missing sound for event: minecraft:entity.guardian.ambient_land
[18:14:12] [Client thread/WARN]: Missing sound for event: minecraft:entity.guardian.attack
[18:14:12] [Client thread/WARN]: Missing sound for event: minecraft:entity.guardian.death
[18:14:12] [Client thread/WARN]: Missing sound for event: minecraft:entity.guardian.death_land
[18:14:12] [Client thread/WARN]: Missing sound for event: minecraft:entity.guardian.flop
[18:14:12] [Client thread/WARN]: Missing sound for event: minecraft:entity.guardian.hurt
[18:14:12] [Client thread/WARN]: Missing sound for event: minecraft:entity.guardian.hurt_land
[18:14:12] [Client thread/WARN]: Missing sound for event: minecraft:entity.horse.ambient
[18:14:12] [Client thread/WARN]: Missing sound for event: minecraft:entity.horse.angry
[18:14:12] [Client thread/WARN]: Missing sound for event: minecraft:entity.horse.armor
[18:14:12] [Client thread/WARN]: Missing sound for event: minecraft:entity.horse.breathe
[18:14:12] [Client thread/WARN]: Missing sound for event: minecraft:entity.horse.death
[18:14:12] [Client thread/WARN]: Missing sound for event: minecraft:entity.horse.eat
[18:14:12] [Client thread/WARN]: Missing sound for event: minecraft:entity.horse.gallop
[18:14:12] [Client thread/WARN]: Missing sound for event: minecraft:entity.horse.hurt
[18:14:12] [Client thread/WARN]: Missing sound for event: minecraft:entity.horse.jump
[18:14:12] [Client thread/WARN]: Missing sound for event: minecraft:entity.horse.land
[18:14:12] [Client thread/WARN]: Missing sound for event: minecraft:entity.horse.saddle
[18:14:12] [Client thread/WARN]: Missing sound for event: minecraft:entity.horse.step
[18:14:12] [Client thread/WARN]: Missing sound for event: minecraft:entity.horse.step_wood
[18:14:12] [Client thread/WARN]: Missing sound for event: minecraft:entity.hostile.big_fall
[18:14:12] [Client thread/WARN]: Missing sound for event: minecraft:entity.hostile.death
[18:14:12] [Client thread/WARN]: Missing sound for event: minecraft:entity.hostile.hurt
[18:14:12] [Client thread/WARN]: Missing sound for event: minecraft:entity.hostile.small_fall
[18:14:12] [Client thread/WARN]: Missing sound for event: minecraft:entity.hostile.splash
[18:14:12] [Client thread/WARN]: Missing sound for event: minecraft:entity.hostile.swim
[18:14:12] [Client thread/WARN]: Missing sound for event: minecraft:entity.husk.ambient
[18:14:12] [Client thread/WARN]: Missing sound for event: minecraft:entity.husk.death
[18:14:12] [Client thread/WARN]: Missing sound for event: minecraft:entity.husk.hurt
[18:14:12] [Client thread/WARN]: Missing sound for event: minecraft:entity.husk.step
[18:14:12] [Client thread/WARN]: Missing sound for event: minecraft:entity.irongolem.attack
[18:14:12] [Client thread/WARN]: Missing sound for event: minecraft:entity.irongolem.death
[18:14:12] [Client thread/WARN]: Missing sound for event: minecraft:entity.irongolem.hurt
[18:14:12] [Client thread/WARN]: Missing sound for event: minecraft:entity.irongolem.step
[18:14:12] [Client thread/WARN]: Missing sound for event: minecraft:entity.item.break
[18:14:12] [Client thread/WARN]: Missing sound for event: minecraft:entity.item.pickup
[18:14:12] [Client thread/WARN]: Missing sound for event: minecraft:entity.itemframe.add_item
[18:14:12] [Client thread/WARN]: Missing sound for event: minecraft:entity.itemframe.break
[18:14:12] [Client thread/WARN]: Missing sound for event: minecraft:entity.itemframe.place
[18:14:12] [Client thread/WARN]: Missing sound for event: minecraft:entity.itemframe.remove_item
[18:14:12] [Client thread/WARN]: Missing sound for event: minecraft:entity.itemframe.rotate_item
[18:14:12] [Client thread/WARN]: Missing sound for event: minecraft:entity.leashknot.break
[18:14:12] [Client thread/WARN]: Missing sound for event: minecraft:entity.leashknot.place
[18:14:12] [Client thread/WARN]: Missing sound for event: minecraft:entity.lightning.impact
[18:14:12] [Client thread/WARN]: Missing sound for event: minecraft:entity.lightning.thunder
[18:14:12] [Client thread/WARN]: Missing sound for event: minecraft:entity.lingeringpotion.throw
[18:14:12] [Client thread/WARN]: Missing sound for event: minecraft:entity.magmacube.death
[18:14:12] [Client thread/WARN]: Missing sound for event: minecraft:entity.magmacube.hurt
[18:14:12] [Client thread/WARN]: Missing sound for event: minecraft:entity.magmacube.jump
[18:14:12] [Client thread/WARN]: Missing sound for event: minecraft:entity.magmacube.squish
[18:14:12] [Client thread/WARN]: Missing sound for event: minecraft:entity.minecart.inside
[18:14:12] [Client thread/WARN]: Missing sound for event: minecraft:entity.minecart.riding
[18:14:12] [Client thread/WARN]: Missing sound for event: minecraft:entity.mooshroom.shear
[18:14:12] [Client thread/WARN]: Missing sound for event: minecraft:entity.mule.ambient
[18:14:12] [Client thread/WARN]: Missing sound for event: minecraft:entity.mule.death
[18:14:12] [Client thread/WARN]: Missing sound for event: minecraft:entity.mule.hurt
[18:14:12] [Client thread/WARN]: Missing sound for event: minecraft:entity.painting.break
[18:14:12] [Client thread/WARN]: Missing sound for event: minecraft:entity.painting.place
[18:14:12] [Client thread/WARN]: Missing sound for event: minecraft:entity.pig.ambient
[18:14:12] [Client thread/WARN]: Missing sound for event: minecraft:entity.pig.death
[18:14:12] [Client thread/WARN]: Missing sound for event: minecraft:entity.pig.hurt
[18:14:12] [Client thread/WARN]: Missing sound for event: minecraft:entity.pig.saddle
[18:14:12] [Client thread/WARN]: Missing sound for event: minecraft:entity.pig.step
[18:14:12] [Client thread/WARN]: Missing sound for event: minecraft:entity.player.attack.crit
[18:14:12] [Client thread/WARN]: Missing sound for event: minecraft:entity.player.attack.knockback
[18:14:12] [Client thread/WARN]: Missing sound for event: minecraft:entity.player.attack.nodamage
[18:14:12] [Client thread/WARN]: Missing sound for event: minecraft:entity.player.attack.strong
[18:14:12] [Client thread/WARN]: Missing sound for event: minecraft:entity.player.attack.sweep
[18:14:12] [Client thread/WARN]: Missing sound for event: minecraft:entity.player.attack.weak
[18:14:12] [Client thread/WARN]: Missing sound for event: minecraft:entity.player.big_fall
[18:14:12] [Client thread/WARN]: Missing sound for event: minecraft:entity.player.breath
[18:14:12] [Client thread/WARN]: Missing sound for event: minecraft:entity.player.burp
[18:14:12] [Client thread/WARN]: Missing sound for event: minecraft:entity.player.death
[18:14:12] [Client thread/WARN]: Missing sound for event: minecraft:entity.player.hurt
[18:14:12] [Client thread/WARN]: Missing sound for event: minecraft:entity.player.levelup
[18:14:12] [Client thread/WARN]: Missing sound for event: minecraft:entity.player.small_fall
[18:14:12] [Client thread/WARN]: Missing sound for event: minecraft:entity.player.splash
[18:14:12] [Client thread/WARN]: Missing sound for event: minecraft:entity.player.swim
[18:14:12] [Client thread/WARN]: Missing sound for event: minecraft:entity.polar_bear.ambient
[18:14:12] [Client thread/WARN]: Missing sound for event: minecraft:entity.polar_bear.baby_ambient
[18:14:12] [Client thread/WARN]: Missing sound for event: minecraft:entity.polar_bear.death
[18:14:12] [Client thread/WARN]: Missing sound for event: minecraft:entity.polar_bear.hurt
[18:14:12] [Client thread/WARN]: Missing sound for event: minecraft:entity.polar_bear.step
[18:14:12] [Client thread/WARN]: Missing sound for event: minecraft:entity.polar_bear.warning
[18:14:12] [Client thread/WARN]: Missing sound for event: minecraft:entity.rabbit.ambient
[18:14:12] [Client thread/WARN]: Missing sound for event: minecraft:entity.rabbit.attack
[18:14:12] [Client thread/WARN]: Missing sound for event: minecraft:entity.rabbit.death
[18:14:12] [Client thread/WARN]: Missing sound for event: minecraft:entity.rabbit.hurt
[18:14:12] [Client thread/WARN]: Missing sound for event: minecraft:entity.rabbit.jump
[18:14:12] [Client thread/WARN]: Missing sound for event: minecraft:entity.sheep.ambient
[18:14:12] [Client thread/WARN]: Missing sound for event: minecraft:entity.sheep.death
[18:14:12] [Client thread/WARN]: Missing sound for event: minecraft:entity.sheep.hurt
[18:14:12] [Client thread/WARN]: Missing sound for event: minecraft:entity.sheep.shear
[18:14:12] [Client thread/WARN]: Missing sound for event: minecraft:entity.sheep.step
[18:14:12] [Client thread/WARN]: Missing sound for event: minecraft:entity.shulker.ambient
[18:14:12] [Client thread/WARN]: Missing sound for event: minecraft:entity.shulker.close
[18:14:12] [Client thread/WARN]: Missing sound for event: minecraft:entity.shulker.death
[18:14:12] [Client thread/WARN]: Missing sound for event: minecraft:entity.shulker.hurt
[18:14:12] [Client thread/WARN]: Missing sound for event: minecraft:entity.shulker.hurt_closed
[18:14:12] [Client thread/WARN]: Missing sound for event: minecraft:entity.shulker.open
[18:14:12] [Client thread/WARN]: Missing sound for event: minecraft:entity.shulker.shoot
[18:14:12] [Client thread/WARN]: Missing sound for event: minecraft:entity.shulker.teleport
[18:14:12] [Client thread/WARN]: Missing sound for event: minecraft:entity.shulker_bullet.hit
[18:14:12] [Client thread/WARN]: Missing sound for event: minecraft:entity.shulker_bullet.hurt
[18:14:12] [Client thread/WARN]: Missing sound for event: minecraft:entity.silverfish.ambient
[18:14:12] [Client thread/WARN]: Missing sound for event: minecraft:entity.silverfish.death
[18:14:12] [Client thread/WARN]: Missing sound for event: minecraft:entity.silverfish.hurt
[18:14:12] [Client thread/WARN]: Missing sound for event: minecraft:entity.silverfish.step
[18:14:12] [Client thread/WARN]: Missing sound for event: minecraft:entity.skeleton.ambient
[18:14:12] [Client thread/WARN]: Missing sound for event: minecraft:entity.skeleton.death
[18:14:12] [Client thread/WARN]: Missing sound for event: minecraft:entity.skeleton.hurt
[18:14:12] [Client thread/WARN]: Missing sound for event: minecraft:entity.skeleton.shoot
[18:14:12] [Client thread/WARN]: Missing sound for event: minecraft:entity.skeleton.step
[18:14:12] [Client thread/WARN]: Missing sound for event: minecraft:entity.skeleton_horse.ambient
[18:14:12] [Client thread/WARN]: Missing sound for event: minecraft:entity.skeleton_horse.death
[18:14:12] [Client thread/WARN]: Missing sound for event: minecraft:entity.skeleton_horse.hurt
[18:14:12] [Client thread/WARN]: Missing sound for event: minecraft:entity.slime.attack
[18:14:12] [Client thread/WARN]: Missing sound for event: minecraft:entity.slime.death
[18:14:12] [Client thread/WARN]: Missing sound for event: minecraft:entity.slime.hurt
[18:14:12] [Client thread/WARN]: Missing sound for event: minecraft:entity.slime.jump
[18:14:12] [Client thread/WARN]: Missing sound for event: minecraft:entity.slime.squish
[18:14:12] [Client thread/WARN]: Missing sound for event: minecraft:entity.small_magmacube.death
[18:14:12] [Client thread/WARN]: Missing sound for event: minecraft:entity.small_magmacube.hurt
[18:14:12] [Client thread/WARN]: Missing sound for event: minecraft:entity.small_magmacube.squish
[18:14:12] [Client thread/WARN]: Missing sound for event: minecraft:entity.small_slime.death
[18:14:12] [Client thread/WARN]: Missing sound for event: minecraft:entity.small_slime.hurt
[18:14:12] [Client thread/WARN]: Missing sound for event: minecraft:entity.small_slime.jump
[18:14:12] [Client thread/WARN]: Missing sound for event: minecraft:entity.small_slime.squish
[18:14:12] [Client thread/WARN]: Missing sound for event: minecraft:entity.snowball.throw
[18:14:12] [Client thread/WARN]: Missing sound for event: minecraft:entity.snowman.ambient
[18:14:12] [Client thread/WARN]: Missing sound for event: minecraft:entity.snowman.death
[18:14:12] [Client thread/WARN]: Missing sound for event: minecraft:entity.snowman.hurt
[18:14:12] [Client thread/WARN]: Missing sound for event: minecraft:entity.snowman.shoot
[18:14:12] [Client thread/WARN]: Missing sound for event: minecraft:entity.spider.ambient
[18:14:12] [Client thread/WARN]: Missing sound for event: minecraft:entity.spider.death
[18:14:12] [Client thread/WARN]: Missing sound for event: minecraft:entity.spider.hurt
[18:14:12] [Client thread/WARN]: Missing sound for event: minecraft:entity.spider.step
[18:14:12] [Client thread/WARN]: Missing sound for event: minecraft:entity.splash_potion.break
[18:14:12] [Client thread/WARN]: Missing sound for event: minecraft:entity.splash_potion.throw
[18:14:12] [Client thread/WARN]: Missing sound for event: minecraft:entity.squid.ambient
[18:14:12] [Client thread/WARN]: Missing sound for event: minecraft:entity.squid.death
[18:14:12] [Client thread/WARN]: Missing sound for event: minecraft:entity.squid.hurt
[18:14:12] [Client thread/WARN]: Missing sound for event: minecraft:entity.stray.ambient
[18:14:12] [Client thread/WARN]: Missing sound for event: minecraft:entity.stray.death
[18:14:12] [Client thread/WARN]: Missing sound for event: minecraft:entity.stray.hurt
[18:14:12] [Client thread/WARN]: Missing sound for event: minecraft:entity.stray.step
[18:14:12] [Client thread/WARN]: Missing sound for event: minecraft:entity.tnt.primed
[18:14:12] [Client thread/WARN]: Missing sound for event: minecraft:entity.villager.ambient
[18:14:12] [Client thread/WARN]: Missing sound for event: minecraft:entity.villager.death
[18:14:12] [Client thread/WARN]: Missing sound for event: minecraft:entity.villager.hurt
[18:14:12] [Client thread/WARN]: Missing sound for event: minecraft:entity.villager.no
[18:14:12] [Client thread/WARN]: Missing sound for event: minecraft:entity.villager.trading
[18:14:12] [Client thread/WARN]: Missing sound for event: minecraft:entity.villager.yes
[18:14:12] [Client thread/WARN]: Missing sound for event: minecraft:entity.witch.ambient
[18:14:12] [Client thread/WARN]: Missing sound for event: minecraft:entity.witch.death
[18:14:12] [Client thread/WARN]: Missing sound for event: minecraft:entity.witch.drink
[18:14:12] [Client thread/WARN]: Missing sound for event: minecraft:entity.witch.hurt
[18:14:12] [Client thread/WARN]: Missing sound for event: minecraft:entity.witch.throw
[18:14:12] [Client thread/WARN]: Missing sound for event: minecraft:entity.wither.ambient
[18:14:12] [Client thread/WARN]: Missing sound for event: minecraft:entity.wither.break_block
[18:14:12] [Client thread/WARN]: Missing sound for event: minecraft:entity.wither.death
[18:14:12] [Client thread/WARN]: Missing sound for event: minecraft:entity.wither.hurt
[18:14:12] [Client thread/WARN]: Missing sound for event: minecraft:entity.wither.shoot
[18:14:12] [Client thread/WARN]: Missing sound for event: minecraft:entity.wither.spawn
[18:14:12] [Client thread/WARN]: Missing sound for event: minecraft:entity.wither_skeleton.ambient
[18:14:12] [Client thread/WARN]: Missing sound for event: minecraft:entity.wither_skeleton.death
[18:14:12] [Client thread/WARN]: Missing sound for event: minecraft:entity.wither_skeleton.hurt
[18:14:12] [Client thread/WARN]: Missing sound for event: minecraft:entity.wither_skeleton.step
[18:14:12] [Client thread/WARN]: Missing sound for event: minecraft:entity.wolf.ambient
[18:14:12] [Client thread/WARN]: Missing sound for event: minecraft:entity.wolf.death
[18:14:12] [Client thread/WARN]: Missing sound for event: minecraft:entity.wolf.growl
[18:14:12] [Client thread/WARN]: Missing sound for event: minecraft:entity.wolf.howl
[18:14:12] [Client thread/WARN]: Missing sound for event: minecraft:entity.wolf.hurt
[18:14:12] [Client thread/WARN]: Missing sound for event: minecraft:entity.wolf.pant
[18:14:12] [Client thread/WARN]: Missing sound for event: minecraft:entity.wolf.shake
[18:14:12] [Client thread/WARN]: Missing sound for event: minecraft:entity.wolf.step
[18:14:12] [Client thread/WARN]: Missing sound for event: minecraft:entity.wolf.whine
[18:14:12] [Client thread/WARN]: Missing sound for event: minecraft:entity.zombie.ambient
[18:14:12] [Client thread/WARN]: Missing sound for event: minecraft:entity.zombie.attack_door_wood
[18:14:12] [Client thread/WARN]: Missing sound for event: minecraft:entity.zombie.attack_iron_door
[18:14:12] [Client thread/WARN]: Missing sound for event: minecraft:entity.zombie.break_door_wood
[18:14:12] [Client thread/WARN]: Missing sound for event: minecraft:entity.zombie.death
[18:14:12] [Client thread/WARN]: Missing sound for event: minecraft:entity.zombie.hurt
[18:14:12] [Client thread/WARN]: Missing sound for event: minecraft:entity.zombie.infect
[18:14:12] [Client thread/WARN]: Missing sound for event: minecraft:entity.zombie.step
[18:14:12] [Client thread/WARN]: Missing sound for event: minecraft:entity.zombie_horse.ambient
[18:14:12] [Client thread/WARN]: Missing sound for event: minecraft:entity.zombie_horse.death
[18:14:12] [Client thread/WARN]: Missing sound for event: minecraft:entity.zombie_horse.hurt
[18:14:12] [Client thread/WARN]: Missing sound for event: minecraft:entity.zombie_pig.ambient
[18:14:12] [Client thread/WARN]: Missing sound for event: minecraft:entity.zombie_pig.angry
[18:14:12] [Client thread/WARN]: Missing sound for event: minecraft:entity.zombie_pig.death
[18:14:12] [Client thread/WARN]: Missing sound for event: minecraft:entity.zombie_pig.hurt
[18:14:12] [Client thread/WARN]: Missing sound for event: minecraft:entity.zombie_villager.ambient
[18:14:12] [Client thread/WARN]: Missing sound for event: minecraft:entity.zombie_villager.converted
[18:14:12] [Client thread/WARN]: Missing sound for event: minecraft:entity.zombie_villager.cure
[18:14:12] [Client thread/WARN]: Missing sound for event: minecraft:entity.zombie_villager.death
[18:14:12] [Client thread/WARN]: Missing sound for event: minecraft:entity.zombie_villager.hurt
[18:14:12] [Client thread/WARN]: Missing sound for event: minecraft:entity.zombie_villager.step
[18:14:12] [Client thread/WARN]: Missing sound for event: minecraft:item.armor.equip_chain
[18:14:12] [Client thread/WARN]: Missing sound for event: minecraft:item.armor.equip_diamond
[18:14:12] [Client thread/WARN]: Missing sound for event: minecraft:item.armor.equip_generic
[18:14:12] [Client thread/WARN]: Missing sound for event: minecraft:item.armor.equip_gold
[18:14:12] [Client thread/WARN]: Missing sound for event: minecraft:item.armor.equip_iron
[18:14:12] [Client thread/WARN]: Missing sound for event: minecraft:item.armor.equip_leather
[18:14:12] [Client thread/WARN]: Missing sound for event: minecraft:item.bottle.fill
[18:14:12] [Client thread/WARN]: Missing sound for event: minecraft:item.bottle.fill_dragonbreath
[18:14:12] [Client thread/WARN]: Missing sound for event: minecraft:item.bucket.empty
[18:14:12] [Client thread/WARN]: Missing sound for event: minecraft:item.bucket.empty_lava
[18:14:12] [Client thread/WARN]: Missing sound for event: minecraft:item.bucket.fill
[18:14:12] [Client thread/WARN]: Missing sound for event: minecraft:item.bucket.fill_lava
[18:14:12] [Client thread/WARN]: Missing sound for event: minecraft:item.chorus_fruit.teleport
[18:14:12] [Client thread/WARN]: Missing sound for event: minecraft:item.elytra.flying
[18:14:12] [Client thread/WARN]: Missing sound for event: minecraft:item.firecharge.use
[18:14:12] [Client thread/WARN]: Missing sound for event: minecraft:item.flintandsteel.use
[18:14:12] [Client thread/WARN]: Missing sound for event: minecraft:item.hoe.till
[18:14:12] [Client thread/WARN]: Missing sound for event: minecraft:item.shield.block
[18:14:12] [Client thread/WARN]: Missing sound for event: minecraft:item.shield.break
[18:14:12] [Client thread/WARN]: Missing sound for event: minecraft:item.shovel.flatten
[18:14:12] [Client thread/WARN]: Missing sound for event: minecraft:music.creative
[18:14:12] [Client thread/WARN]: Missing sound for event: minecraft:music.credits
[18:14:12] [Client thread/WARN]: Missing sound for event: minecraft:music.dragon
[18:14:12] [Client thread/WARN]: Missing sound for event: minecraft:music.end
[18:14:12] [Client thread/WARN]: Missing sound for event: minecraft:music.nether
[18:14:12] [Client thread/WARN]: Missing sound for event: minecraft:record.11
[18:14:12] [Client thread/WARN]: Missing sound for event: minecraft:record.13
[18:14:12] [Client thread/WARN]: Missing sound for event: minecraft:record.blocks
[18:14:12] [Client thread/WARN]: Missing sound for event: minecraft:record.cat
[18:14:12] [Client thread/WARN]: Missing sound for event: minecraft:record.chirp
[18:14:12] [Client thread/WARN]: Missing sound for event: minecraft:record.far
[18:14:12] [Client thread/WARN]: Missing sound for event: minecraft:record.mall
[18:14:12] [Client thread/WARN]: Missing sound for event: minecraft:record.mellohi
[18:14:12] [Client thread/WARN]: Missing sound for event: minecraft:record.stal
[18:14:12] [Client thread/WARN]: Missing sound for event: minecraft:record.strad
[18:14:12] [Client thread/WARN]: Missing sound for event: minecraft:record.wait
[18:14:12] [Client thread/WARN]: Missing sound for event: minecraft:record.ward
[18:14:12] [Client thread/WARN]: Missing sound for event: minecraft:ui.button.click
[18:14:12] [Client thread/WARN]: Missing sound for event: minecraft:weather.rain
[18:14:12] [Client thread/WARN]: Missing sound for event: minecraft:weather.rain.above
[18:14:12] [Sound Library Loader/INFO]: Starting up SoundSystem...
[18:14:12] [Thread-5/INFO]: Initializing LWJGL OpenAL
[18:14:12] [Thread-5/INFO]: (The LWJGL binding of OpenAL.  For more information, see http://www.lwjgl.org)
[18:14:14] [Thread-5/INFO]: OpenAL initialized.
[18:14:14] [Sound Library Loader/INFO]: Sound engine started
[18:14:20] [Client thread/INFO]: Created: 1024x512 textures-atlas
[18:14:26] [Realms Notification Availability checker #1/INFO]: Could not authorize you against Realms server: Invalid session id
[18:14:31] [Client thread/INFO]: Connecting to 127.0.0.1, 25565
[18:14:32] [Server Connector #1/ERROR]: Couldn't connect to server
java.net.ConnectException: Connection refused: no further information: 127.0.0.1/127.0.0.1:25565
	at sun.nio.ch.SocketChannelImpl.checkConnect(Native Method) ~[?:1.8.0_65]
	at sun.nio.ch.SocketChannelImpl.finishConnect(SocketChannelImpl.java:717) ~[?:1.8.0_65]
	at io.netty.channel.socket.nio.NioSocketChannel.doFinishConnect(NioSocketChannel.java:208) ~[netty-all-4.0.23.Final.jar:4.0.23.Final]
	at io.netty.channel.nio.AbstractNioChannel$AbstractNioUnsafe.finishConnect(AbstractNioChannel.java:287) ~[netty-all-4.0.23.Final.jar:4.0.23.Final]
	at io.netty.channel.nio.NioEventLoop.processSelectedKey(NioEventLoop.java:528) ~[netty-all-4.0.23.Final.jar:4.0.23.Final]
	at io.netty.channel.nio.NioEventLoop.processSelectedKeysOptimized(NioEventLoop.java:468) ~[netty-all-4.0.23.Final.jar:4.0.23.Final]
	at io.netty.channel.nio.NioEventLoop.processSelectedKeys(NioEventLoop.java:382) ~[netty-all-4.0.23.Final.jar:4.0.23.Final]
	at io.netty.channel.nio.NioEventLoop.run(NioEventLoop.java:354) ~[netty-all-4.0.23.Final.jar:4.0.23.Final]
	at io.netty.util.concurrent.SingleThreadEventExecutor$2.run(SingleThreadEventExecutor.java:116) ~[netty-all-4.0.23.Final.jar:4.0.23.Final]
	at java.lang.Thread.run(Thread.java:745) ~[?:1.8.0_65]
[18:14:38] [Client thread/INFO]: Connecting to 127.0.0.1, 25565
[18:14:39] [Server Connector #2/ERROR]: Couldn't connect to server
java.net.ConnectException: Connection refused: no further information: 127.0.0.1/127.0.0.1:25565
	at sun.nio.ch.SocketChannelImpl.checkConnect(Native Method) ~[?:1.8.0_65]
	at sun.nio.ch.SocketChannelImpl.finishConnect(SocketChannelImpl.java:717) ~[?:1.8.0_65]
	at io.netty.channel.socket.nio.NioSocketChannel.doFinishConnect(NioSocketChannel.java:208) ~[netty-all-4.0.23.Final.jar:4.0.23.Final]
	at io.netty.channel.nio.AbstractNioChannel$AbstractNioUnsafe.finishConnect(AbstractNioChannel.java:287) ~[netty-all-4.0.23.Final.jar:4.0.23.Final]
	at io.netty.channel.nio.NioEventLoop.processSelectedKey(NioEventLoop.java:528) ~[netty-all-4.0.23.Final.jar:4.0.23.Final]
	at io.netty.channel.nio.NioEventLoop.processSelectedKeysOptimized(NioEventLoop.java:468) ~[netty-all-4.0.23.Final.jar:4.0.23.Final]
	at io.netty.channel.nio.NioEventLoop.processSelectedKeys(NioEventLoop.java:382) ~[netty-all-4.0.23.Final.jar:4.0.23.Final]
	at io.netty.channel.nio.NioEventLoop.run(NioEventLoop.java:354) ~[netty-all-4.0.23.Final.jar:4.0.23.Final]
	at io.netty.util.concurrent.SingleThreadEventExecutor$2.run(SingleThreadEventExecutor.java:116) ~[netty-all-4.0.23.Final.jar:4.0.23.Final]
	at java.lang.Thread.run(Thread.java:745) ~[?:1.8.0_65]
[18:14:45] [Client thread/INFO]: Connecting to 127.0.0.1, 25565
[18:14:46] [Server Connector #3/ERROR]: Couldn't connect to server
java.net.ConnectException: Connection refused: no further information: 127.0.0.1/127.0.0.1:25565
	at sun.nio.ch.SocketChannelImpl.checkConnect(Native Method) ~[?:1.8.0_65]
	at sun.nio.ch.SocketChannelImpl.finishConnect(SocketChannelImpl.java:717) ~[?:1.8.0_65]
	at io.netty.channel.socket.nio.NioSocketChannel.doFinishConnect(NioSocketChannel.java:208) ~[netty-all-4.0.23.Final.jar:4.0.23.Final]
	at io.netty.channel.nio.AbstractNioChannel$AbstractNioUnsafe.finishConnect(AbstractNioChannel.java:287) ~[netty-all-4.0.23.Final.jar:4.0.23.Final]
	at io.netty.channel.nio.NioEventLoop.processSelectedKey(NioEventLoop.java:528) ~[netty-all-4.0.23.Final.jar:4.0.23.Final]
	at io.netty.channel.nio.NioEventLoop.processSelectedKeysOptimized(NioEventLoop.java:468) ~[netty-all-4.0.23.Final.jar:4.0.23.Final]
	at io.netty.channel.nio.NioEventLoop.processSelectedKeys(NioEventLoop.java:382) ~[netty-all-4.0.23.Final.jar:4.0.23.Final]
	at io.netty.channel.nio.NioEventLoop.run(NioEventLoop.java:354) ~[netty-all-4.0.23.Final.jar:4.0.23.Final]
	at io.netty.util.concurrent.SingleThreadEventExecutor$2.run(SingleThreadEventExecutor.java:116) ~[netty-all-4.0.23.Final.jar:4.0.23.Final]
	at java.lang.Thread.run(Thread.java:745) ~[?:1.8.0_65]
[18:14:53] [Client thread/INFO]: Connecting to 127.0.0.1, 25565
[18:14:54] [Server Connector #4/ERROR]: Couldn't connect to server
java.net.ConnectException: Connection refused: no further information: 127.0.0.1/127.0.0.1:25565
	at sun.nio.ch.SocketChannelImpl.checkConnect(Native Method) ~[?:1.8.0_65]
	at sun.nio.ch.SocketChannelImpl.finishConnect(SocketChannelImpl.java:717) ~[?:1.8.0_65]
	at io.netty.channel.socket.nio.NioSocketChannel.doFinishConnect(NioSocketChannel.java:208) ~[netty-all-4.0.23.Final.jar:4.0.23.Final]
	at io.netty.channel.nio.AbstractNioChannel$AbstractNioUnsafe.finishConnect(AbstractNioChannel.java:287) ~[netty-all-4.0.23.Final.jar:4.0.23.Final]
	at io.netty.channel.nio.NioEventLoop.processSelectedKey(NioEventLoop.java:528) ~[netty-all-4.0.23.Final.jar:4.0.23.Final]
	at io.netty.channel.nio.NioEventLoop.processSelectedKeysOptimized(NioEventLoop.java:468) ~[netty-all-4.0.23.Final.jar:4.0.23.Final]
	at io.netty.channel.nio.NioEventLoop.processSelectedKeys(NioEventLoop.java:382) ~[netty-all-4.0.23.Final.jar:4.0.23.Final]
	at io.netty.channel.nio.NioEventLoop.run(NioEventLoop.java:354) ~[netty-all-4.0.23.Final.jar:4.0.23.Final]
	at io.netty.util.concurrent.SingleThreadEventExecutor$2.run(SingleThreadEventExecutor.java:116) ~[netty-all-4.0.23.Final.jar:4.0.23.Final]
	at java.lang.Thread.run(Thread.java:745) ~[?:1.8.0_65]
[18:15:01] [Client thread/INFO]: Stopping!
[18:15:01] [Client thread/INFO]: SoundSystem shutting down...
[18:15:01] [Client thread/WARN]: Author: Paul Lamb, www.paulscode.com
